  Lo_que_cuesta_sumar.cpp
c:\users\seiko\desktop\proyectos\tais\problemas\lo_que_cuesta_sumar\solucion\lo_que_cuesta_sumar\priorityqueue.h(59): warning C4267: 'return': conversión de 'size_t' a 'int'; posible pérdida de datos
  c:\users\seiko\desktop\proyectos\tais\problemas\lo_que_cuesta_sumar\solucion\lo_que_cuesta_sumar\priorityqueue.h(59): note: durante la compilación de la función miembro de plantilla clase de 'int PriorityQueue<__int64,std::less<T>>::size(void) const'
          with
          [
              T=__int64
          ]
  c:\users\seiko\desktop\proyectos\tais\problemas\lo_que_cuesta_sumar\solucion\lo_que_cuesta_sumar\lo_que_cuesta_sumar.cpp(15): note: vea la referencia a la creación de instancias de plantilla de función 'int PriorityQueue<__int64,std::less<T>>::size(void) const' que se está compilando
          with
          [
              T=__int64
          ]
  c:\users\seiko\desktop\proyectos\tais\problemas\lo_que_cuesta_sumar\solucion\lo_que_cuesta_sumar\lo_que_cuesta_sumar.cpp(15): note: vea la referencia a la creación de instancias de plantilla clase de 'PriorityQueue<__int64,std::less<T>>' que se está compilando
          with
          [
              T=__int64
          ]
c:\users\seiko\desktop\proyectos\tais\problemas\lo_que_cuesta_sumar\solucion\lo_que_cuesta_sumar\priorityqueue.h(55): warning C4267: 'argumento': conversión de 'size_t' a 'int'; posible pérdida de datos
  c:\users\seiko\desktop\proyectos\tais\problemas\lo_que_cuesta_sumar\solucion\lo_que_cuesta_sumar\priorityqueue.h(53): note: durante la compilación de la función miembro de plantilla clase de 'void PriorityQueue<__int64,std::less<T>>::push(const T &)'
          with
          [
              T=__int64
          ]
  c:\users\seiko\desktop\proyectos\tais\problemas\lo_que_cuesta_sumar\solucion\lo_que_cuesta_sumar\lo_que_cuesta_sumar.cpp(54): note: vea la referencia a la creación de instancias de plantilla de función 'void PriorityQueue<__int64,std::less<T>>::push(const T &)' que se está compilando
          with
          [
              T=__int64
          ]
  Lo_que_cuesta_sumar.vcxproj -> C:\Users\seiko\Desktop\Proyectos\TAIS\Problemas\Lo_que_cuesta_sumar\Solucion\x64\Debug\Lo_que_cuesta_sumar.exe
